<?xml version="1.0" encoding="UTF-8"?>
<testsuite xmlns:xsi="http://www.w3.org/2001/XMLSchema-instance" xsi:noNamespaceSchemaLocation="https://maven.apache.org/surefire/maven-surefire-plugin/xsd/surefire-test-report-3.0.xsd" version="3.0" name="elsyntax.NetworkingTest" time="3.861" tests="1" errors="0" skipped="0" failures="0">
  <properties>
[...]
</properties>
  <testcase name="testNIOServerCommunication" classname="elsyntax.NetworkingTest" time="3.792">
    <system-out><![CDATA[2021-12-08T16:27:31.386503700 - Received message: Hello socket 1! - 2021-12-08T16:27:31.294503400
Connection established!
2021-12-08T16:27:31.464500400 - Received message: Hello socket 3! - 2021-12-08T16:27:31.319517100
2021-12-08T16:27:31.526499600 - Received message: Hello socket 4! - 2021-12-08T16:27:31.320532500
2021-12-08T16:27:31.590525300 - Received message: Hello socket 2! - 2021-12-08T16:27:31.319517100
2021-12-08T16:27:31.653499900 - Received message: Hello socket 1! - 2021-12-08T16:27:31.319517100
2021-12-08T16:27:31.716499200 - Received message: Hello socket 3! - 2021-12-08T16:27:31.320532500
2021-12-08T16:27:31.780546900 - Received message: Hello socket 4! - 2021-12-08T16:27:31.320532500
2021-12-08T16:27:31.844501800 - Received message: Hello socket 2! - 2021-12-08T16:27:31.319517100
2021-12-08T16:27:31.906500 - Received message: Message from new connection!
]]></system-out>
    <system-err><![CDATA[&amp#27;[38;5;252m[2021-12-08 16:27:30] [networking.NetworkingComponent] [INFO] - Listening on port 6066...&amp#27;[0m
&amp#27;[38;5;252m[2021-12-08 16:27:30] [networking.NetworkingComponent] [INFO] - Client connected: /127.0.0.1:55682&amp#27;[0m
&amp#27;[38;5;252m[2021-12-08 16:27:30] [networking.NetworkingComponent] [INFO] - Client connected: /127.0.0.1:55683&amp#27;[0m
&amp#27;[38;5;252m[2021-12-08 16:27:31] [networking.NetworkingComponent] [INFO] - Client connected: /127.0.0.1:55684&amp#27;[0m
]]></system-err>
  </testcase>
</testsuite>